Build started 4/1/2015 11:17:53 AM.
     1>Project "C:\Users\Angelika\Desktop\2DAE\Game_Project\solutions\cloaked-octo-wallhack\Roguelight\Roguelight\Roguelight.vcxproj" on node 2 (Build target(s)).
     1>PreBuildEvent:
         xcopy "C:\Users\Angelika\Desktop\2DAE\Game_Project\solutions\cloaked-octo-wallhack\Roguelight\Roguelight\\Box2DInclude\box2d.pdb" "C:\Users\Angelika\Desktop\2DAE\Game_Project\solutions\cloaked-octo-wallhack\Roguelight\Debug\" /y /D
         :VCEnd
         0 File(s) copied
       ClCompile:
         C:\Program Files (x86)\Microsoft Visual Studio 12.0\VC\bin\CL.exe /c /I./Box2DInclude /ZI /nologo /W3 /WX- /sdl /Od /Oy- /D WIN32 /D _DEBUG /D _WINDOWS /D _UNICODE /D UNICODE /Gm /EHsc /RTC1 /MDd /GS /fp:precise /Zc:wchar_t /Zc:forScope /Yu"stdafx.h" /Fp"Debug\Roguelight.pch" /Fo"Debug\\" /Fd"Debug\vc120.pdb" /Gd /TP /analyze- /errorReport:prompt Elf.cpp
         Elf.cpp
       Link:
         C:\Program Files (x86)\Microsoft Visual Studio 12.0\VC\bin\link.exe /ERRORREPORT:PROMPT /OUT:"C:\Users\Angelika\Desktop\2DAE\Game_Project\solutions\cloaked-octo-wallhack\Roguelight\Debug\Roguelight.exe" /INCREMENTAL /NOLOGO kernel32.lib user32.lib gdi32.lib winspool.lib comdlg32.lib advapi32.lib shell32.lib ole32.lib oleaut32.lib uuid.lib odbc32.lib odbccp32.lib /MANIFEST /MANIFESTUAC:"level='asInvoker' uiAccess='false'" /manifest:embed /DEBUG /PDB:"C:\Users\Angelika\Desktop\2DAE\Game_Project\solutions\cloaked-octo-wallhack\Roguelight\Debug\Roguelight.pdb" /SUBSYSTEM:WINDOWS /TLBID:1 /DYNAMICBASE /NXCOMPAT /IMPLIB:"C:\Users\Angelika\Desktop\2DAE\Game_Project\solutions\cloaked-octo-wallhack\Roguelight\Debug\Roguelight.lib" /MACHINE:X86 Debug\Roguelight.res
         Debug\AbstractGame.obj
         Debug\AudioDecoder.obj
         Debug\AudioSystem.obj
         Debug\Bitmap.obj
         Debug\Box2DDebugRenderer.obj
         Debug\Button.obj
         Debug\Font.obj
         Debug\GameEngine.obj
         Debug\GameSettings.obj
         Debug\GameWinMain.obj
         Debug\GUIBase.obj
         Debug\InputManager.obj
         Debug\PhysicsActor.obj
         Debug\PhysicsDistanceJoint.obj
         Debug\PhysicsPrismaticJoint.obj
         Debug\PhysicsRevoluteJoint.obj
         Debug\PrecisionTimer.obj
         Debug\Sound.obj
         Debug\stdafx.obj
         Debug\String.obj
         Debug\Structs.obj
         Debug\SVGParser.obj
         Debug\TextBox.obj
         Debug\Roguelight.obj
         Debug\ContactListener.obj
         Debug\Elf.obj
         Box2DInclude\Box2DDebug.lib
         Roguelight.vcxproj -> C:\Users\Angelika\Desktop\2DAE\Game_Project\solutions\cloaked-octo-wallhack\Roguelight\Debug\Roguelight.exe
     1>Done Building Project "C:\Users\Angelika\Desktop\2DAE\Game_Project\solutions\cloaked-octo-wallhack\Roguelight\Roguelight\Roguelight.vcxproj" (Build target(s)).

Build succeeded.

Time Elapsed 00:00:01.20
